2018-05-22 09:04:13,376 [1] INFO wintac_utils.WintacUtils - Wintac-utils starting...
2018-05-22 10:34:49,885 [1] INFO wintac_utils.WintacUtils - Wintac-utils starting...
2018-05-22 11:02:02,891 [1] INFO wintac_utils.WintacUtils - Wintac-utils starting...
2018-05-22 11:02:14,846 [1] INFO wintac_utils.influxdb.InfluxdbClient - Dropping influxdb sentry_stats_time
2018-05-22 11:02:27,252 [1] INFO wintac_utils.influxdb.InfluxdbClient - Creating influxdb sentry_stats_time
2018-05-22 11:02:35,596 [1] INFO wintac_utils.wip.WIPUtils - Inserting all stats from 1/1/10 12:00:00 AM to 5/22/18 11:02:35 AM
2018-05-22 11:02:42,471 [1] INFO wintac_utils.influxdb.InfluxdbClient - Dropping influxdb sentry_stats_time
2018-05-22 11:02:42,471 [1] INFO wintac_utils.influxdb.InfluxdbClient - Creating influxdb sentry_stats_time
2018-05-22 11:02:56,642 [1] INFO wintac_utils.wip.WIPUtils - Finished invoices.
2018-05-22 11:03:00,205 [1] INFO wintac_utils.wip.WIPUtils - Finished wo.
2018-05-22 11:03:00,549 [1] INFO wintac_utils.wip.WIPUtils - Finished props.
2018-05-22 11:03:00,721 [1] INFO wintac_utils.wip.WIPUtils - Finished po.
2018-05-22 11:03:02,049 [1] INFO wintac_utils.wip.WIPUtils - Finished pay.
2018-05-22 11:59:06,427 [1] INFO wintac_utils.WintacUtils - Wintac-utils starting...
2018-05-22 11:59:06,436 [1] INFO wintac_utils.WintacUtils - Running in back ground mode.
2018-05-22 12:19:17,618 [1] INFO wintac_utils.WintacUtils - Wintac-utils starting...
2018-05-22 12:19:17,629 [1] INFO wintac_utils.WintacUtils - Running in back ground mode.
2018-05-22 12:20:06,928 [1] INFO wintac_utils.WintacUtils - Wintac-utils starting...
2018-05-22 12:20:06,938 [1] INFO wintac_utils.WintacUtils - Running in back ground mode.
2018-05-22 12:20:08,941 [4] INFO wintac_utils.timer.StatsTimer - Timer fired updating stats...
2018-05-22 12:20:10,941 [4] INFO wintac_utils.timer.StatsTimer - Timer fired updating stats...
2018-05-22 12:20:12,942 [4] INFO wintac_utils.timer.StatsTimer - Timer fired updating stats...
2018-05-22 12:20:14,943 [4] INFO wintac_utils.timer.StatsTimer - Timer fired updating stats...
2018-05-22 12:20:16,944 [4] INFO wintac_utils.timer.StatsTimer - Timer fired updating stats...
2018-05-22 12:20:18,945 [4] INFO wintac_utils.timer.StatsTimer - Timer fired updating stats...
2018-05-22 12:20:20,946 [4] INFO wintac_utils.timer.StatsTimer - Timer fired updating stats...
2018-05-22 12:20:22,947 [4] INFO wintac_utils.timer.StatsTimer - Timer fired updating stats...
2018-05-22 12:20:24,948 [4] INFO wintac_utils.timer.StatsTimer - Timer fired updating stats...
2018-05-22 12:20:26,949 [5] INFO wintac_utils.timer.StatsTimer - Timer fired updating stats...
2018-05-22 12:20:28,950 [4] INFO wintac_utils.timer.StatsTimer - Timer fired updating stats...
2018-05-22 12:20:30,951 [5] INFO wintac_utils.timer.StatsTimer - Timer fired updating stats...
2018-05-22 12:20:32,952 [4] INFO wintac_utils.timer.StatsTimer - Timer fired updating stats...
2018-05-22 12:20:34,953 [5] INFO wintac_utils.timer.StatsTimer - Timer fired updating stats...
2018-05-22 12:20:36,954 [4] INFO wintac_utils.timer.StatsTimer - Timer fired updating stats...
2018-05-22 12:20:38,955 [5] INFO wintac_utils.timer.StatsTimer - Timer fired updating stats...
2018-05-22 12:20:40,956 [4] INFO wintac_utils.timer.StatsTimer - Timer fired updating stats...
2018-05-22 12:20:42,957 [5] INFO wintac_utils.timer.StatsTimer - Timer fired updating stats...
2018-05-22 12:20:44,958 [4] INFO wintac_utils.timer.StatsTimer - Timer fired updating stats...
2018-05-22 12:20:46,959 [5] INFO wintac_utils.timer.StatsTimer - Timer fired updating stats...
2018-05-22 12:20:48,960 [4] INFO wintac_utils.timer.StatsTimer - Timer fired updating stats...
2018-05-22 12:20:50,961 [5] INFO wintac_utils.timer.StatsTimer - Timer fired updating stats...
2018-05-22 12:20:52,962 [4] INFO wintac_utils.timer.StatsTimer - Timer fired updating stats...
2018-05-22 12:20:54,963 [5] INFO wintac_utils.timer.StatsTimer - Timer fired updating stats...
2018-05-22 12:20:56,964 [4] INFO wintac_utils.timer.StatsTimer - Timer fired updating stats...
2018-05-22 12:20:58,964 [5] INFO wintac_utils.timer.StatsTimer - Timer fired updating stats...
2018-05-22 12:21:00,965 [4] INFO wintac_utils.timer.StatsTimer - Timer fired updating stats...
2018-05-22 12:21:02,966 [5] INFO wintac_utils.timer.StatsTimer - Timer fired updating stats...
2018-05-22 12:21:04,967 [4] INFO wintac_utils.timer.StatsTimer - Timer fired updating stats...
2018-05-22 12:21:06,968 [5] INFO wintac_utils.timer.StatsTimer - Timer fired updating stats...
2018-05-22 12:21:08,969 [4] INFO wintac_utils.timer.StatsTimer - Timer fired updating stats...
2018-05-22 12:21:10,970 [5] INFO wintac_utils.timer.StatsTimer - Timer fired updating stats...
2018-05-22 12:21:12,971 [4] INFO wintac_utils.timer.StatsTimer - Timer fired updating stats...
2018-05-22 12:21:14,972 [5] INFO wintac_utils.timer.StatsTimer - Timer fired updating stats...
2018-05-22 12:21:16,973 [4] INFO wintac_utils.timer.StatsTimer - Timer fired updating stats...
2018-05-22 12:21:18,974 [5] INFO wintac_utils.timer.StatsTimer - Timer fired updating stats...
2018-05-22 12:21:20,975 [4] INFO wintac_utils.timer.StatsTimer - Timer fired updating stats...
2018-05-22 12:21:22,976 [5] INFO wintac_utils.timer.StatsTimer - Timer fired updating stats...
2018-05-22 12:21:24,977 [4] INFO wintac_utils.timer.StatsTimer - Timer fired updating stats...
2018-05-22 12:21:26,978 [5] INFO wintac_utils.timer.StatsTimer - Timer fired updating stats...
2018-05-22 12:21:28,979 [4] INFO wintac_utils.timer.StatsTimer - Timer fired updating stats...
2018-05-22 12:21:30,980 [5] INFO wintac_utils.timer.StatsTimer - Timer fired updating stats...
2018-05-22 12:21:32,981 [4] INFO wintac_utils.timer.StatsTimer - Timer fired updating stats...
2018-05-22 12:21:34,982 [5] INFO wintac_utils.timer.StatsTimer - Timer fired updating stats...
2018-05-22 12:21:36,983 [4] INFO wintac_utils.timer.StatsTimer - Timer fired updating stats...
2018-05-22 12:21:38,984 [5] INFO wintac_utils.timer.StatsTimer - Timer fired updating stats...
2018-05-22 12:21:40,985 [4] INFO wintac_utils.timer.StatsTimer - Timer fired updating stats...
2018-05-22 12:21:42,986 [5] INFO wintac_utils.timer.StatsTimer - Timer fired updating stats...
2018-05-22 12:21:44,987 [4] INFO wintac_utils.timer.StatsTimer - Timer fired updating stats...
2018-05-22 12:21:46,988 [5] INFO wintac_utils.timer.StatsTimer - Timer fired updating stats...
2018-05-22 12:21:48,989 [5] INFO wintac_utils.timer.StatsTimer - Timer fired updating stats...
2018-05-22 12:21:50,990 [4] INFO wintac_utils.timer.StatsTimer - Timer fired updating stats...
2018-05-22 12:21:52,991 [5] INFO wintac_utils.timer.StatsTimer - Timer fired updating stats...
2018-05-22 12:21:54,992 [4] INFO wintac_utils.timer.StatsTimer - Timer fired updating stats...
2018-05-22 12:21:56,993 [5] INFO wintac_utils.timer.StatsTimer - Timer fired updating stats...
2018-05-22 12:21:58,994 [4] INFO wintac_utils.timer.StatsTimer - Timer fired updating stats...
2018-05-22 12:22:00,995 [5] INFO wintac_utils.timer.StatsTimer - Timer fired updating stats...
2018-05-22 12:22:02,996 [5] INFO wintac_utils.timer.StatsTimer - Timer fired updating stats...
2018-05-22 12:22:04,997 [4] INFO wintac_utils.timer.StatsTimer - Timer fired updating stats...
2018-05-22 12:22:06,998 [5] INFO wintac_utils.timer.StatsTimer - Timer fired updating stats...
2018-05-22 12:22:08,999 [4] INFO wintac_utils.timer.StatsTimer - Timer fired updating stats...
2018-05-22 12:22:11,000 [5] INFO wintac_utils.timer.StatsTimer - Timer fired updating stats...
2018-05-22 12:22:13,001 [4] INFO wintac_utils.timer.StatsTimer - Timer fired updating stats...
2018-05-22 12:22:15,002 [5] INFO wintac_utils.timer.StatsTimer - Timer fired updating stats...
2018-05-22 12:22:17,003 [4] INFO wintac_utils.timer.StatsTimer - Timer fired updating stats...
2018-05-22 12:22:19,004 [5] INFO wintac_utils.timer.StatsTimer - Timer fired updating stats...
2018-05-22 12:22:21,005 [4] INFO wintac_utils.timer.StatsTimer - Timer fired updating stats...
2018-05-22 12:22:23,006 [5] INFO wintac_utils.timer.StatsTimer - Timer fired updating stats...
2018-05-22 12:22:25,007 [4] INFO wintac_utils.timer.StatsTimer - Timer fired updating stats...
2018-05-22 12:22:27,008 [5] INFO wintac_utils.timer.StatsTimer - Timer fired updating stats...
2018-05-22 12:22:29,009 [4] INFO wintac_utils.timer.StatsTimer - Timer fired updating stats...
2018-05-22 12:22:31,010 [5] INFO wintac_utils.timer.StatsTimer - Timer fired updating stats...
2018-05-22 12:22:33,011 [4] INFO wintac_utils.timer.StatsTimer - Timer fired updating stats...
2018-05-22 12:22:35,012 [5] INFO wintac_utils.timer.StatsTimer - Timer fired updating stats...
2018-05-22 12:22:37,013 [4] INFO wintac_utils.timer.StatsTimer - Timer fired updating stats...
2018-05-22 12:22:39,014 [5] INFO wintac_utils.timer.StatsTimer - Timer fired updating stats...
2018-05-22 12:22:41,015 [4] INFO wintac_utils.timer.StatsTimer - Timer fired updating stats...
2018-05-22 12:22:43,015 [5] INFO wintac_utils.timer.StatsTimer - Timer fired updating stats...
2018-05-22 12:22:45,016 [4] INFO wintac_utils.timer.StatsTimer - Timer fired updating stats...
2018-05-22 12:22:47,017 [5] INFO wintac_utils.timer.StatsTimer - Timer fired updating stats...
2018-05-22 12:22:49,018 [4] INFO wintac_utils.timer.StatsTimer - Timer fired updating stats...
2018-05-22 12:22:51,019 [5] INFO wintac_utils.timer.StatsTimer - Timer fired updating stats...
2018-05-22 12:22:53,020 [4] INFO wintac_utils.timer.StatsTimer - Timer fired updating stats...
2018-05-22 12:22:55,021 [5] INFO wintac_utils.timer.StatsTimer - Timer fired updating stats...
2018-05-22 12:22:57,022 [4] INFO wintac_utils.timer.StatsTimer - Timer fired updating stats...
2018-05-22 12:22:59,023 [5] INFO wintac_utils.timer.StatsTimer - Timer fired updating stats...
2018-05-22 12:23:01,024 [4] INFO wintac_utils.timer.StatsTimer - Timer fired updating stats...
2018-05-22 12:23:03,025 [5] INFO wintac_utils.timer.StatsTimer - Timer fired updating stats...
2018-05-22 12:23:05,026 [4] INFO wintac_utils.timer.StatsTimer - Timer fired updating stats...
2018-05-22 12:23:07,027 [5] INFO wintac_utils.timer.StatsTimer - Timer fired updating stats...
2018-05-22 12:23:09,028 [4] INFO wintac_utils.timer.StatsTimer - Timer fired updating stats...
2018-05-22 12:23:11,029 [5] INFO wintac_utils.timer.StatsTimer - Timer fired updating stats...
2018-05-22 12:23:13,030 [4] INFO wintac_utils.timer.StatsTimer - Timer fired updating stats...
2018-05-22 12:23:15,031 [5] INFO wintac_utils.timer.StatsTimer - Timer fired updating stats...
2018-05-22 12:23:17,032 [4] INFO wintac_utils.timer.StatsTimer - Timer fired updating stats...
2018-05-22 12:23:19,033 [5] INFO wintac_utils.timer.StatsTimer - Timer fired updating stats...
2018-05-22 12:23:21,034 [4] INFO wintac_utils.timer.StatsTimer - Timer fired updating stats...
2018-05-22 12:23:23,035 [5] INFO wintac_utils.timer.StatsTimer - Timer fired updating stats...
2018-05-22 12:23:25,036 [4] INFO wintac_utils.timer.StatsTimer - Timer fired updating stats...
2018-05-22 12:23:27,037 [5] INFO wintac_utils.timer.StatsTimer - Timer fired updating stats...
2018-05-22 12:23:29,038 [4] INFO wintac_utils.timer.StatsTimer - Timer fired updating stats...
2018-05-22 12:23:31,039 [5] INFO wintac_utils.timer.StatsTimer - Timer fired updating stats...
2018-05-22 12:23:33,040 [4] INFO wintac_utils.timer.StatsTimer - Timer fired updating stats...
2018-05-22 12:23:35,041 [5] INFO wintac_utils.timer.StatsTimer - Timer fired updating stats...
2018-05-22 12:23:37,042 [4] INFO wintac_utils.timer.StatsTimer - Timer fired updating stats...
2018-05-22 12:23:39,043 [5] INFO wintac_utils.timer.StatsTimer - Timer fired updating stats...
2018-05-22 12:23:41,044 [4] INFO wintac_utils.timer.StatsTimer - Timer fired updating stats...
2018-05-22 12:23:43,045 [5] INFO wintac_utils.timer.StatsTimer - Timer fired updating stats...
2018-05-22 12:23:45,046 [4] INFO wintac_utils.timer.StatsTimer - Timer fired updating stats...
2018-05-22 12:23:47,047 [5] INFO wintac_utils.timer.StatsTimer - Timer fired updating stats...
2018-05-22 12:23:49,048 [4] INFO wintac_utils.timer.StatsTimer - Timer fired updating stats...
2018-05-22 12:23:51,049 [5] INFO wintac_utils.timer.StatsTimer - Timer fired updating stats...
2018-05-22 12:23:53,050 [4] INFO wintac_utils.timer.StatsTimer - Timer fired updating stats...
2018-05-22 12:23:55,051 [5] INFO wintac_utils.timer.StatsTimer - Timer fired updating stats...
2018-05-22 12:23:57,053 [4] INFO wintac_utils.timer.StatsTimer - Timer fired updating stats...
2018-05-22 12:23:59,054 [5] INFO wintac_utils.timer.StatsTimer - Timer fired updating stats...
2018-05-22 12:24:01,055 [4] INFO wintac_utils.timer.StatsTimer - Timer fired updating stats...
2018-05-22 12:24:03,056 [5] INFO wintac_utils.timer.StatsTimer - Timer fired updating stats...
2018-05-22 12:24:05,057 [4] INFO wintac_utils.timer.StatsTimer - Timer fired updating stats...
2018-05-22 12:24:07,058 [5] INFO wintac_utils.timer.StatsTimer - Timer fired updating stats...
2018-05-22 12:24:09,059 [4] INFO wintac_utils.timer.StatsTimer - Timer fired updating stats...
2018-05-22 12:24:11,060 [5] INFO wintac_utils.timer.StatsTimer - Timer fired updating stats...
